<?xml version="1.0" encoding="UTF-8"?>
<testsuite name="ru.netology.ChatServiceTest" tests="1" skipped="0" failures="0" errors="0" timestamp="2022-06-05T18:43:11" hostname="DESKTOP-ALORHTH" time="0.096">
  <properties/>
  <testcase name="testGetChats" classname="ru.netology.ChatServiceTest" time="0.096"/>
  <system-out><![CDATA[]]></system-out>
  <system-err><![CDATA[]]></system-err>
</testsuite>
